TN:verilator_coverage
SF:/home/riacosta/Documents/verification_uvm_cocotb/Course_4/3_FIFO/fifo.sv
DA:2,86
BRDA:2,0,0,86
BRDA:2,0,1,86
DA:3,1
BRDA:3,0,0,1
BRDA:3,0,1,1
DA:4,26
BRDA:4,0,0,26
BRDA:4,0,1,26
DA:5,14
BRDA:5,0,0,14
BRDA:5,0,1,14
DA:6,11
BRDA:6,0,0,9
BRDA:6,0,1,9
BRDA:6,0,2,10
BRDA:6,0,3,9
BRDA:6,0,4,11
BRDA:6,0,5,11
BRDA:6,0,6,9
BRDA:6,0,7,9
BRDA:6,0,8,0
BRDA:6,0,9,0
BRDA:6,0,10,0
BRDA:6,0,11,0
BRDA:6,0,12,0
BRDA:6,0,13,0
BRDA:6,0,14,0
BRDA:6,0,15,0
DA:7,4
BRDA:7,0,0,3
BRDA:7,0,1,3
BRDA:7,0,2,4
BRDA:7,0,3,3
BRDA:7,0,4,4
BRDA:7,0,5,3
BRDA:7,0,6,3
BRDA:7,0,7,2
BRDA:7,0,8,0
BRDA:7,0,9,0
BRDA:7,0,10,0
BRDA:7,0,11,0
BRDA:7,0,12,0
BRDA:7,0,13,0
BRDA:7,0,14,0
BRDA:7,0,15,0
DA:8,3
BRDA:8,0,0,3
BRDA:8,0,1,3
DA:9,0
BRDA:9,0,0,0
BRDA:9,0,1,0
DA:13,13
BRDA:13,0,0,13
BRDA:13,0,1,13
BRDA:13,0,2,7
BRDA:13,0,3,6
BRDA:13,0,4,3
BRDA:13,0,5,3
BRDA:13,0,6,2
BRDA:13,0,7,1
BRDA:13,0,8,1
BRDA:13,0,9,7
BRDA:13,0,10,7
BRDA:13,0,11,4
BRDA:13,0,12,3
BRDA:13,0,13,2
BRDA:13,0,14,1
BRDA:13,0,15,1
BRDA:13,0,16,0
BRDA:13,0,17,1
DA:16,20
BRDA:16,0,0,20
BRDA:16,0,1,20
BRDA:16,0,2,8
BRDA:16,0,3,8
BRDA:16,0,4,3
BRDA:16,0,5,2
BRDA:16,0,6,1
BRDA:16,0,7,0
BRDA:16,0,8,0
BRDA:16,0,9,0
BRDA:16,0,10,1
DA:19,1
BRDA:19,0,0,1
BRDA:19,0,1,0
BRDA:19,0,2,1
BRDA:19,0,3,1
BRDA:19,0,4,0
BRDA:19,0,5,0
BRDA:19,0,6,1
BRDA:19,0,7,0
BRDA:19,0,8,0
BRDA:19,0,9,0
BRDA:19,0,10,0
BRDA:19,0,11,0
BRDA:19,0,12,0
BRDA:19,0,13,0
BRDA:19,0,14,0
BRDA:19,0,15,0
BRDA:19,0,16,1
BRDA:19,0,17,0
BRDA:19,0,18,0
BRDA:19,0,19,0
BRDA:19,0,20,1
BRDA:19,0,21,0
BRDA:19,0,22,0
BRDA:19,0,23,0
BRDA:19,0,24,0
BRDA:19,0,25,0
BRDA:19,0,26,0
BRDA:19,0,27,0
BRDA:19,0,28,0
BRDA:19,0,29,0
BRDA:19,0,30,0
BRDA:19,0,31,0
BRDA:19,0,32,0
BRDA:19,0,33,0
BRDA:19,0,34,1
BRDA:19,0,35,0
BRDA:19,0,36,1
BRDA:19,0,37,0
BRDA:19,0,38,1
BRDA:19,0,39,0
BRDA:19,0,40,0
BRDA:19,0,41,0
BRDA:19,0,42,0
BRDA:19,0,43,0
BRDA:19,0,44,0
BRDA:19,0,45,0
BRDA:19,0,46,0
BRDA:19,0,47,0
BRDA:19,0,48,1
BRDA:19,0,49,0
BRDA:19,0,50,1
BRDA:19,0,51,0
BRDA:19,0,52,1
BRDA:19,0,53,0
BRDA:19,0,54,1
BRDA:19,0,55,0
BRDA:19,0,56,0
BRDA:19,0,57,0
BRDA:19,0,58,0
BRDA:19,0,59,0
BRDA:19,0,60,0
BRDA:19,0,61,0
BRDA:19,0,62,0
BRDA:19,0,63,0
BRDA:19,0,64,0
BRDA:19,0,65,0
BRDA:19,0,66,1
BRDA:19,0,67,0
BRDA:19,0,68,1
BRDA:19,0,69,0
BRDA:19,0,70,1
BRDA:19,0,71,0
BRDA:19,0,72,0
BRDA:19,0,73,0
BRDA:19,0,74,0
BRDA:19,0,75,0
BRDA:19,0,76,0
BRDA:19,0,77,0
BRDA:19,0,78,0
BRDA:19,0,79,0
BRDA:19,0,80,0
BRDA:19,0,81,0
BRDA:19,0,82,1
BRDA:19,0,83,0
BRDA:19,0,84,1
BRDA:19,0,85,0
BRDA:19,0,86,1
BRDA:19,0,87,0
BRDA:19,0,88,0
BRDA:19,0,89,0
BRDA:19,0,90,0
BRDA:19,0,91,0
BRDA:19,0,92,0
BRDA:19,0,93,0
BRDA:19,0,94,0
BRDA:19,0,95,0
BRDA:19,0,96,0
BRDA:19,0,97,0
BRDA:19,0,98,0
BRDA:19,0,99,0
BRDA:19,0,100,1
BRDA:19,0,101,0
BRDA:19,0,102,0
BRDA:19,0,103,0
BRDA:19,0,104,0
BRDA:19,0,105,0
BRDA:19,0,106,0
BRDA:19,0,107,0
BRDA:19,0,108,0
BRDA:19,0,109,0
BRDA:19,0,110,0
BRDA:19,0,111,0
BRDA:19,0,112,1
BRDA:19,0,113,0
BRDA:19,0,114,1
BRDA:19,0,115,0
BRDA:19,0,116,1
BRDA:19,0,117,1
BRDA:19,0,118,1
BRDA:19,0,119,0
BRDA:19,0,120,0
BRDA:19,0,121,0
BRDA:19,0,122,0
BRDA:19,0,123,0
BRDA:19,0,124,0
BRDA:19,0,125,0
BRDA:19,0,126,0
BRDA:19,0,127,0
BRDA:19,0,128,1
BRDA:19,0,129,0
BRDA:19,0,130,1
BRDA:19,0,131,0
BRDA:19,0,132,1
BRDA:19,0,133,0
BRDA:19,0,134,0
BRDA:19,0,135,0
BRDA:19,0,136,0
BRDA:19,0,137,0
BRDA:19,0,138,0
BRDA:19,0,139,0
BRDA:19,0,140,0
BRDA:19,0,141,0
BRDA:19,0,142,0
BRDA:19,0,143,0
BRDA:19,0,144,1
BRDA:19,0,145,0
BRDA:19,0,146,1
BRDA:19,0,147,0
BRDA:19,0,148,1
BRDA:19,0,149,0
BRDA:19,0,150,0
BRDA:19,0,151,0
BRDA:19,0,152,0
BRDA:19,0,153,0
BRDA:19,0,154,0
BRDA:19,0,155,0
BRDA:19,0,156,0
BRDA:19,0,157,0
BRDA:19,0,158,0
BRDA:19,0,159,0
BRDA:19,0,160,1
BRDA:19,0,161,1
BRDA:19,0,162,1
BRDA:19,0,163,1
BRDA:19,0,164,0
BRDA:19,0,165,0
BRDA:19,0,166,1
BRDA:19,0,167,0
BRDA:19,0,168,0
BRDA:19,0,169,0
BRDA:19,0,170,0
BRDA:19,0,171,0
BRDA:19,0,172,0
BRDA:19,0,173,0
BRDA:19,0,174,0
BRDA:19,0,175,0
BRDA:19,0,176,1
BRDA:19,0,177,0
BRDA:19,0,178,1
BRDA:19,0,179,0
BRDA:19,0,180,1
BRDA:19,0,181,1
BRDA:19,0,182,1
BRDA:19,0,183,1
BRDA:19,0,184,0
BRDA:19,0,185,0
BRDA:19,0,186,0
BRDA:19,0,187,0
BRDA:19,0,188,0
BRDA:19,0,189,0
BRDA:19,0,190,0
BRDA:19,0,191,0
BRDA:19,0,192,1
BRDA:19,0,193,1
BRDA:19,0,194,1
BRDA:19,0,195,0
BRDA:19,0,196,1
BRDA:19,0,197,0
BRDA:19,0,198,1
BRDA:19,0,199,0
BRDA:19,0,200,0
BRDA:19,0,201,0
BRDA:19,0,202,0
BRDA:19,0,203,0
BRDA:19,0,204,0
BRDA:19,0,205,0
BRDA:19,0,206,0
BRDA:19,0,207,0
BRDA:19,0,208,1
BRDA:19,0,209,0
BRDA:19,0,210,0
BRDA:19,0,211,0
BRDA:19,0,212,1
BRDA:19,0,213,0
BRDA:19,0,214,1
BRDA:19,0,215,1
BRDA:19,0,216,0
BRDA:19,0,217,0
BRDA:19,0,218,0
BRDA:19,0,219,0
BRDA:19,0,220,0
BRDA:19,0,221,0
BRDA:19,0,222,0
BRDA:19,0,223,0
BRDA:19,0,224,1
BRDA:19,0,225,0
BRDA:19,0,226,0
BRDA:19,0,227,0
BRDA:19,0,228,1
BRDA:19,0,229,1
BRDA:19,0,230,1
BRDA:19,0,231,1
BRDA:19,0,232,0
BRDA:19,0,233,0
BRDA:19,0,234,0
BRDA:19,0,235,0
BRDA:19,0,236,0
BRDA:19,0,237,0
BRDA:19,0,238,0
BRDA:19,0,239,0
BRDA:19,0,240,1
BRDA:19,0,241,0
BRDA:19,0,242,0
BRDA:19,0,243,0
BRDA:19,0,244,1
BRDA:19,0,245,0
BRDA:19,0,246,1
BRDA:19,0,247,1
BRDA:19,0,248,0
BRDA:19,0,249,0
BRDA:19,0,250,0
BRDA:19,0,251,0
BRDA:19,0,252,0
BRDA:19,0,253,0
BRDA:19,0,254,0
BRDA:19,0,255,0
DA:21,4
BRDA:21,0,0,3
BRDA:21,0,1,3
BRDA:21,0,2,4
BRDA:21,0,3,3
BRDA:21,0,4,4
BRDA:21,0,5,3
BRDA:21,0,6,3
BRDA:21,0,7,2
BRDA:21,0,8,0
BRDA:21,0,9,0
BRDA:21,0,10,0
BRDA:21,0,11,0
BRDA:21,0,12,0
BRDA:21,0,13,0
BRDA:21,0,14,0
BRDA:21,0,15,0
BRDA:21,0,16,1
DA:23,86
DA:24,5
DA:26,5
DA:27,5
DA:28,5
DA:29,5
DA:30,55
BRDA:30,0,0,26
BRDA:30,0,1,0
BRDA:30,0,2,55
BRDA:30,0,3,26
DA:32,26
DA:33,26
DA:34,26
DA:35,26
DA:36,41
BRDA:36,0,0,14
BRDA:36,0,1,41
BRDA:36,0,2,2
BRDA:36,0,3,41
BRDA:36,0,4,14
DA:38,14
DA:39,14
DA:40,14
DA:45,458
BRDA:45,0,0,53
BRDA:45,0,1,458
DA:46,511
BRDA:46,0,0,0
BRDA:46,0,1,511
BRF:359
BRH:23
end_of_record
